<?xml version="1.0" encoding="UTF-8"?>
<!-- Generated by org.testng.reporters.JUnitXMLReporter -->
<testsuite ignored="0" hostname="DESKTOP-ULQ0HFL" failures="0" tests="9" name="Different TestNG Test" time="109.358" errors="0" timestamp="2022-06-16T23:09:35 EEST">
  <testcase classname="testNGListener.FirstTest" name="login" time="10.007"/>
  <testcase classname="testNGListener.FirstTest" name="searchItem" time="30.567"/>
  <testcase classname="testNGListener.FirstTest" name="logOut" time="6.049"/>
  <testcase classname="testNGListener.SecondTest" name="login" time="6.052"/>
  <testcase classname="testNGListener.SecondTest" name="search" time="4.503"/>
  <testcase classname="testNGListener.SecondTest" name="search" time="4.094"/>
  <testcase classname="testNGListener.SecondTest" name="search" time="4.9"/>
  <testcase classname="testNGListener.SecondTest" name="search" time="4.178"/>
  <testcase classname="testNGListener.SecondTest" name="logOut" time="6.879"/>
</testsuite> <!-- Different TestNG Test -->
