<?xml version="1.0" encoding="UTF-8"?>
<!-- Generated by org.testng.reporters.JUnitXMLReporter -->
<testsuite ignored="0" hostname="DESKTOP-ULQ0HFL" failures="0" tests="3" name="Default test" time="57.204" errors="0" timestamp="2022-06-16T22:54:45 EEST">
  <testcase classname="testNGListener.FirstTest" name="login" time="6.132"/>
  <testcase classname="testNGListener.FirstTest" name="searchItem" time="33.146"/>
  <testcase classname="testNGListener.FirstTest" name="logOut" time="3.551"/>
</testsuite> <!-- Default test -->
