<?xml version="1.0" encoding="UTF-8"?>
<testng-results ignored="0" total="9" passed="9" failed="0" skipped="0">
  <reporter-output>
  </reporter-output>
  <suite started-at="2022-06-16T23:07:46 EEST" name="TestNG Test Automation Suite" finished-at="2022-06-16T23:09:35 EEST" duration-ms="109358">
    <groups>
    </groups>
    <test started-at="2022-06-16T23:07:46 EEST" name="Different TestNG Test" finished-at="2022-06-16T23:09:35 EEST" duration-ms="109358">
      <class name="testNGListener.FirstTest">
        <test-method is-config="true" signature="setup()[pri:0, instance:testNGListener.FirstTest@1e66f1f5]" started-at="2022-06-16T23:07:46 EEST" name="setup" finished-at="2022-06-16T23:07:59 EEST" duration-ms="12668" status="PASS">
          <reporter-output>
          </reporter-output>
        </test-method> <!-- setup -->
        <test-method signature="login()[pri:1, instance:testNGListener.FirstTest@1e66f1f5]" started-at="2022-06-16T23:08:08 EEST" name="login" finished-at="2022-06-16T23:08:18 EEST" duration-ms="10007" status="PASS">
          <reporter-output>
          </reporter-output>
        </test-method> <!-- login -->
        <test-method signature="searchItem()[pri:2, instance:testNGListener.FirstTest@1e66f1f5]" started-at="2022-06-16T23:08:18 EEST" name="searchItem" finished-at="2022-06-16T23:08:48 EEST" duration-ms="30567" status="PASS">
          <reporter-output>
          </reporter-output>
        </test-method> <!-- searchItem -->
        <test-method signature="logOut()[pri:3, instance:testNGListener.FirstTest@1e66f1f5]" started-at="2022-06-16T23:08:48 EEST" name="logOut" finished-at="2022-06-16T23:08:54 EEST" duration-ms="6049" status="PASS">
          <reporter-output>
          </reporter-output>
        </test-method> <!-- logOut -->
        <test-method is-config="true" signature="tearDown()[pri:0, instance:testNGListener.FirstTest@1e66f1f5]" started-at="2022-06-16T23:09:28 EEST" name="tearDown" finished-at="2022-06-16T23:09:32 EEST" duration-ms="4121" status="PASS">
          <reporter-output>
          </reporter-output>
        </test-method> <!-- tearDown -->
      </class> <!-- testNGListener.FirstTest -->
      <class name="testNGListener.SecondTest">
        <test-method is-config="true" signature="setup()[pri:0, instance:testNGListener.SecondTest@33c911a1]" started-at="2022-06-16T23:07:59 EEST" name="setup" finished-at="2022-06-16T23:08:08 EEST" duration-ms="9191" status="PASS">
          <reporter-output>
          </reporter-output>
        </test-method> <!-- setup -->
        <test-method signature="login()[pri:1, instance:testNGListener.SecondTest@33c911a1]" started-at="2022-06-16T23:08:54 EEST" name="login" finished-at="2022-06-16T23:09:01 EEST" duration-ms="6052" status="PASS">
          <reporter-output>
          </reporter-output>
        </test-method> <!-- login -->
        <test-method signature="search(java.lang.String)[pri:2, instance:testNGListener.SecondTest@33c911a1]" started-at="2022-06-16T23:09:03 EEST" name="search" data-provider="getTestData" finished-at="2022-06-16T23:09:08 EEST" duration-ms="4503" status="PASS">
          <params>
            <param index="0">
              <value>
                <![CDATA[Bicycle]]>
              </value>
            </param>
          </params>
          <reporter-output>
          </reporter-output>
        </test-method> <!-- search -->
        <test-method signature="search(java.lang.String)[pri:2, instance:testNGListener.SecondTest@33c911a1]" started-at="2022-06-16T23:09:08 EEST" name="search" data-provider="getTestData" finished-at="2022-06-16T23:09:12 EEST" duration-ms="4094" status="PASS">
          <params>
            <param index="0">
              <value>
                <![CDATA[Mixer]]>
              </value>
            </param>
          </params>
          <reporter-output>
          </reporter-output>
        </test-method> <!-- search -->
        <test-method signature="search(java.lang.String)[pri:2, instance:testNGListener.SecondTest@33c911a1]" started-at="2022-06-16T23:09:12 EEST" name="search" data-provider="getTestData" finished-at="2022-06-16T23:09:17 EEST" duration-ms="4900" status="PASS">
          <params>
            <param index="0">
              <value>
                <![CDATA[watch for men]]>
              </value>
            </param>
          </params>
          <reporter-output>
          </reporter-output>
        </test-method> <!-- search -->
        <test-method signature="search(java.lang.String)[pri:2, instance:testNGListener.SecondTest@33c911a1]" started-at="2022-06-16T23:09:17 EEST" name="search" data-provider="getTestData" finished-at="2022-06-16T23:09:21 EEST" duration-ms="4178" status="PASS">
          <params>
            <param index="0">
              <value>
                <![CDATA[backpack]]>
              </value>
            </param>
          </params>
          <reporter-output>
          </reporter-output>
        </test-method> <!-- search -->
        <test-method signature="logOut()[pri:3, instance:testNGListener.SecondTest@33c911a1]" started-at="2022-06-16T23:09:21 EEST" name="logOut" finished-at="2022-06-16T23:09:28 EEST" duration-ms="6879" status="PASS">
          <reporter-output>
          </reporter-output>
        </test-method> <!-- logOut -->
        <test-method is-config="true" signature="tearDown()[pri:0, instance:testNGListener.SecondTest@33c911a1]" started-at="2022-06-16T23:09:32 EEST" name="tearDown" finished-at="2022-06-16T23:09:35 EEST" duration-ms="3048" status="PASS">
          <reporter-output>
          </reporter-output>
        </test-method> <!-- tearDown -->
      </class> <!-- testNGListener.SecondTest -->
    </test> <!-- Different TestNG Test -->
  </suite> <!-- TestNG Test Automation Suite -->
</testng-results>
