<?xml version="1.0" encoding="UTF-8"?>
<testng-results ignored="0" total="1" passed="1" failed="0" skipped="0">
  <reporter-output>
  </reporter-output>
  <suite started-at="2022-06-09T17:43:07 EEST" name="Surefire suite" finished-at="2022-06-09T17:43:07 EEST" duration-ms="120">
    <groups>
    </groups>
    <test started-at="2022-06-09T17:43:07 EEST" name="Surefire test" finished-at="2022-06-09T17:43:07 EEST" duration-ms="120">
      <class name="MavenProject.MavenProject.AppTest">
        <test-method signature="shouldAnswerWithTrue()" started-at="2022-06-09T17:43:07 EEST" name="shouldAnswerWithTrue" finished-at="2022-06-09T17:43:07 EEST" duration-ms="23" status="PASS">
          <reporter-output>
          </reporter-output>
        </test-method> <!-- shouldAnswerWithTrue -->
      </class> <!-- MavenProject.MavenProject.AppTest -->
    </test> <!-- Surefire test -->
  </suite> <!-- Surefire suite -->
</testng-results>
